  Animations.cpp
F:\COURSES\game directx\GameMario1\GameMario\GameMario\Animations.h(3,10): fatal error C1083: Cannot open include file: 'd3dx9.h': No such file or directory
  BackgroundObject.cpp
F:\COURSES\game directx\GameMario1\GameMario\GameMario\BackgroundObject.h(4,10): fatal error C1083: Cannot open include file: 'd3dx9.h': No such file or directory
  BlueBrick.cpp
F:\COURSES\game directx\GameMario1\GameMario\GameMario\GameObject.h(4,10): fatal error C1083: Cannot open include file: 'd3dx9.h': No such file or directory
  Brick.cpp
F:\COURSES\game directx\GameMario1\GameMario\GameMario\GameObject.h(4,10): fatal error C1083: Cannot open include file: 'd3dx9.h': No such file or directory
  Camera.cpp
F:\COURSES\game directx\GameMario1\GameMario\GameMario\Game.h(7,10): fatal error C1083: Cannot open include file: 'd3dx9.h': No such file or directory
  CloudBrick.cpp
F:\COURSES\game directx\GameMario1\GameMario\GameMario\GameObject.h(4,10): fatal error C1083: Cannot open include file: 'd3dx9.h': No such file or directory
  Coin.cpp
F:\COURSES\game directx\GameMario1\GameMario\GameMario\GameObject.h(4,10): fatal error C1083: Cannot open include file: 'd3dx9.h': No such file or directory
  ColorBrick.cpp
F:\COURSES\game directx\GameMario1\GameMario\GameMario\GameObject.h(4,10): fatal error C1083: Cannot open include file: 'd3dx9.h': No such file or directory
  FireBullet.cpp
F:\COURSES\game directx\GameMario1\GameMario\GameMario\GameObject.h(4,10): fatal error C1083: Cannot open include file: 'd3dx9.h': No such file or directory
  FirePiranhaPlant.cpp
F:\COURSES\game directx\GameMario1\GameMario\GameMario\GameObject.h(4,10): fatal error C1083: Cannot open include file: 'd3dx9.h': No such file or directory
  FirePlantBullet.cpp
F:\COURSES\game directx\GameMario1\GameMario\GameMario\GameObject.h(4,10): fatal error C1083: Cannot open include file: 'd3dx9.h': No such file or directory
  Game.cpp
F:\COURSES\game directx\GameMario1\GameMario\GameMario\Game.h(7,10): fatal error C1083: Cannot open include file: 'd3dx9.h': No such file or directory
  GameObject.cpp
F:\COURSES\game directx\GameMario1\GameMario\GameMario\GameObject.cpp(1,10): fatal error C1083: Cannot open include file: 'd3dx9.h': No such file or directory
  Goombas.cpp
F:\COURSES\game directx\GameMario1\GameMario\GameMario\GameObject.h(4,10): fatal error C1083: Cannot open include file: 'd3dx9.h': No such file or directory
  Koopas.cpp
F:\COURSES\game directx\GameMario1\GameMario\GameMario\GameObject.h(4,10): fatal error C1083: Cannot open include file: 'd3dx9.h': No such file or directory
  Leaf.cpp
F:\COURSES\game directx\GameMario1\GameMario\GameMario\GameObject.h(4,10): fatal error C1083: Cannot open include file: 'd3dx9.h': No such file or directory
  main.cpp
F:\COURSES\game directx\GameMario1\GameMario\GameMario\main.cpp(16,10): fatal error C1083: Cannot open include file: 'd3dx9.h': No such file or directory
  Mario.cpp
F:\COURSES\game directx\GameMario1\GameMario\GameMario\GameObject.h(4,10): fatal error C1083: Cannot open include file: 'd3dx9.h': No such file or directory
  Mushroom.cpp
F:\COURSES\game directx\GameMario1\GameMario\GameMario\GameObject.h(4,10): fatal error C1083: Cannot open include file: 'd3dx9.h': No such file or directory
  Pipe.cpp
F:\COURSES\game directx\GameMario1\GameMario\GameMario\GameObject.h(4,10): fatal error C1083: Cannot open include file: 'd3dx9.h': No such file or directory
  Generating Code...
  Compiling...
  PiranhaPlant.cpp
F:\COURSES\game directx\GameMario1\GameMario\GameMario\GameObject.h(4,10): fatal error C1083: Cannot open include file: 'd3dx9.h': No such file or directory
  PlayScence.cpp
F:\COURSES\game directx\GameMario1\GameMario\GameMario\Game.h(7,10): fatal error C1083: Cannot open include file: 'd3dx9.h': No such file or directory
  QuestionBlock.cpp
F:\COURSES\game directx\GameMario1\GameMario\GameMario\GameObject.h(4,10): fatal error C1083: Cannot open include file: 'd3dx9.h': No such file or directory
  Road.cpp
F:\COURSES\game directx\GameMario1\GameMario\GameMario\GameObject.h(4,10): fatal error C1083: Cannot open include file: 'd3dx9.h': No such file or directory
  Scence.cpp
F:\COURSES\game directx\GameMario1\GameMario\GameMario\Scence.h(3,10): fatal error C1083: Cannot open include file: 'd3dx9.h': No such file or directory
  ScoreBoard.cpp
F:\COURSES\game directx\GameMario1\GameMario\GameMario\GameObject.h(4,10): fatal error C1083: Cannot open include file: 'd3dx9.h': No such file or directory
  Sprites.cpp
F:\COURSES\game directx\GameMario1\GameMario\GameMario\Sprites.h(3,10): fatal error C1083: Cannot open include file: 'd3dx9.h': No such file or directory
  StaticObject.cpp
F:\COURSES\game directx\GameMario1\GameMario\GameMario\GameObject.h(4,10): fatal error C1083: Cannot open include file: 'd3dx9.h': No such file or directory
  Textures.cpp
F:\COURSES\game directx\GameMario1\GameMario\GameMario\Textures.cpp(4,10): fatal error C1083: Cannot open include file: 'd3dx9.h': No such file or directory
  TransObject.cpp
F:\COURSES\game directx\GameMario1\GameMario\GameMario\GameObject.h(4,10): fatal error C1083: Cannot open include file: 'd3dx9.h': No such file or directory
  Utils.cpp
  WoodBlock.cpp
F:\COURSES\game directx\GameMario1\GameMario\GameMario\GameObject.h(4,10): fatal error C1083: Cannot open include file: 'd3dx9.h': No such file or directory
  Generating Code...
